0 verbose cli C:\Program Files\nodejs\node.exe C:\Users\hp\AppData\Roaming\npm\node_modules\npm\bin\npm-cli.js
1 info using npm@11.4.2
2 info using node@v22.11.0
3 silly config load:file:C:\Users\hp\AppData\Roaming\npm\node_modules\npm\npmrc
4 silly config load:file:C:\Users\hp\OneDrive - Nigerian National Petroleum Company Limited\Documents\IDs\frontend\.npmrc
5 silly config load:file:C:\Users\hp\.npmrc
6 silly config load:file:C:\Users\hp\AppData\Roaming\npm\etc\npmrc
7 verbose title npm install @types/react @types/react-dom
8 verbose argv "install" "--save-dev" "@types/react" "@types/react-dom"
9 verbose logfile logs-max:10 dir:C:\Users\hp\OneDrive - Nigerian National Petroleum Company Limited\Documents\IDs\frontend\clean\_logs\2025-06-26T10_50_03_715Z-
10 verbose logfile C:\Users\hp\OneDrive - Nigerian National Petroleum Company Limited\Documents\IDs\frontend\clean\_logs\2025-06-26T10_50_03_715Z-debug-0.log
11 silly logfile done cleaning log files
12 silly packumentCache heap:2197815296 maxSize:549453824 maxEntrySize:274726912
13 silly idealTree buildDeps
14 silly fetch manifest @types/react@^19.1.2
15 silly packumentCache full:https://registry.npmjs.org/@types%2freact cache-miss
16 http fetch GET 200 https://registry.npmjs.org/@types%2freact 1928ms (cache miss)
17 silly packumentCache full:https://registry.npmjs.org/@types%2freact set size:undefined disposed:false
18 silly fetch manifest @types/react-dom@^19.1.2
19 silly packumentCache full:https://registry.npmjs.org/@types%2freact-dom cache-miss
20 http fetch GET 200 https://registry.npmjs.org/@types%2freact-dom 381ms (cache miss)
21 silly packumentCache full:https://registry.npmjs.org/@types%2freact-dom set size:undefined disposed:false
22 silly placeDep ROOT @types/react@19.1.8 REPLACE for:  want: ^19.1.2
23 silly placeDep ROOT @types/react-dom@19.1.6 REPLACE for:  want: ^19.1.2
24 silly reify moves {}
25 silly audit bulk request {
25 silly audit   '@ampproject/remapping': [ '2.3.0' ],
25 silly audit   '@babel/code-frame': [ '7.27.1' ],
25 silly audit   '@babel/compat-data': [ '7.27.5' ],
25 silly audit   '@babel/core': [ '7.27.4' ],
25 silly audit   semver: [ '6.3.1', '7.7.2' ],
25 silly audit   '@babel/generator': [ '7.27.5' ],
25 silly audit   '@babel/helper-annotate-as-pure': [ '7.27.3' ],
25 silly audit   '@babel/helper-compilation-targets': [ '7.27.2' ],
25 silly audit   '@babel/helper-create-class-features-plugin': [ '7.27.1' ],
25 silly audit   '@babel/helper-member-expression-to-functions': [ '7.27.1' ],
25 silly audit   '@babel/helper-module-imports': [ '7.27.1' ],
25 silly audit   '@babel/helper-module-transforms': [ '7.27.3' ],
25 silly audit   '@babel/helper-optimise-call-expression': [ '7.27.1' ],
25 silly audit   '@babel/helper-plugin-utils': [ '7.27.1' ],
25 silly audit   '@babel/helper-replace-supers': [ '7.27.1' ],
25 silly audit   '@babel/helper-skip-transparent-expression-wrappers': [ '7.27.1' ],
25 silly audit   '@babel/helper-string-parser': [ '7.27.1' ],
25 silly audit   '@babel/helper-validator-identifier': [ '7.27.1' ],
25 silly audit   '@babel/helper-validator-option': [ '7.27.1' ],
25 silly audit   '@babel/helpers': [ '7.27.6' ],
25 silly audit   '@babel/parser': [ '7.27.5' ],
25 silly audit   '@babel/plugin-syntax-decorators': [ '7.27.1' ],
25 silly audit   '@babel/plugin-syntax-jsx': [ '7.27.1' ],
25 silly audit   '@babel/plugin-syntax-typescript': [ '7.27.1' ],
25 silly audit   '@babel/plugin-transform-modules-commonjs': [ '7.27.1' ],
25 silly audit   '@babel/plugin-transform-typescript': [ '7.27.1' ],
25 silly audit   '@babel/preset-typescript': [ '7.27.1' ],
25 silly audit   '@babel/template': [ '7.27.2' ],
25 silly audit   '@babel/traverse': [ '7.27.4' ],
25 silly audit   '@babel/types': [ '7.27.6' ],
25 silly audit   '@esbuild/aix-ppc64': [ '0.25.5' ],
25 silly audit   '@esbuild/android-arm': [ '0.25.5' ],
25 silly audit   '@esbuild/android-arm64': [ '0.25.5' ],
25 silly audit   '@esbuild/android-x64': [ '0.25.5' ],
25 silly audit   '@esbuild/darwin-arm64': [ '0.25.5' ],
25 silly audit   '@esbuild/darwin-x64': [ '0.25.5' ],
25 silly audit   '@esbuild/freebsd-arm64': [ '0.25.5' ],
25 silly audit   '@esbuild/freebsd-x64': [ '0.25.5' ],
25 silly audit   '@esbuild/linux-arm': [ '0.25.5' ],
25 silly audit   '@esbuild/linux-arm64': [ '0.25.5' ],
25 silly audit   '@esbuild/linux-ia32': [ '0.25.5' ],
25 silly audit   '@esbuild/linux-loong64': [ '0.25.5' ],
25 silly audit   '@esbuild/linux-mips64el': [ '0.25.5' ],
25 silly audit   '@esbuild/linux-ppc64': [ '0.25.5' ],
25 silly audit   '@esbuild/linux-riscv64': [ '0.25.5' ],
25 silly audit   '@esbuild/linux-s390x': [ '0.25.5' ],
25 silly audit   '@esbuild/linux-x64': [ '0.25.5' ],
25 silly audit   '@esbuild/netbsd-arm64': [ '0.25.5' ],
25 silly audit   '@esbuild/netbsd-x64': [ '0.25.5' ],
25 silly audit   '@esbuild/openbsd-arm64': [ '0.25.5' ],
25 silly audit   '@esbuild/openbsd-x64': [ '0.25.5' ],
25 silly audit   '@esbuild/sunos-x64': [ '0.25.5' ],
25 silly audit   '@esbuild/win32-arm64': [ '0.25.5' ],
25 silly audit   '@esbuild/win32-ia32': [ '0.25.5' ],
25 silly audit   '@esbuild/win32-x64': [ '0.25.5' ],
25 silly audit   '@isaacs/cliui': [ '8.0.2' ],
25 silly audit   '@isaacs/fs-minipass': [ '4.0.1' ],
25 silly audit   '@jridgewell/gen-mapping': [ '0.3.8' ],
25 silly audit   '@jridgewell/resolve-uri': [ '3.1.2' ],
25 silly audit   '@jridgewell/set-array': [ '1.2.1' ],
25 silly audit   '@jridgewell/sourcemap-codec': [ '1.5.0' ],
25 silly audit   '@jridgewell/trace-mapping': [ '0.3.25' ],
25 silly audit   '@mjackson/node-fetch-server': [ '0.2.0' ],
25 silly audit   '@npmcli/git': [ '4.1.0' ],
25 silly audit   'lru-cache': [ '7.18.3', '5.1.1', '10.4.3' ],
25 silly audit   '@npmcli/package-json': [ '4.0.1' ],
25 silly audit   '@npmcli/promise-spawn': [ '6.0.2' ],
25 silly audit   '@pkgjs/parseargs': [ '0.11.0' ],
25 silly audit   '@radix-ui/number': [ '1.1.1' ],
25 silly audit   '@radix-ui/primitive': [ '1.1.2' ],
25 silly audit   '@radix-ui/react-compose-refs': [ '1.1.2' ],
25 silly audit   '@radix-ui/react-context': [ '1.1.2' ],
25 silly audit   '@radix-ui/react-direction': [ '1.1.1' ],
25 silly audit   '@radix-ui/react-label': [ '2.1.7' ],
25 silly audit   '@radix-ui/react-presence': [ '1.1.4' ],
25 silly audit   '@radix-ui/react-primitive': [ '2.1.3' ],
25 silly audit   '@radix-ui/react-scroll-area': [ '1.2.9' ],
25 silly audit   '@radix-ui/react-separator': [ '1.1.7' ],
25 silly audit   '@radix-ui/react-slot': [ '1.2.3' ],
25 silly audit   '@radix-ui/react-switch': [ '1.2.5' ],
25 silly audit   '@radix-ui/react-use-callback-ref': [ '1.1.1' ],
25 silly audit   '@radix-ui/react-use-controllable-state': [ '1.2.2' ],
25 silly audit   '@radix-ui/react-use-effect-event': [ '0.0.2' ],
25 silly audit   '@radix-ui/react-use-layout-effect': [ '1.1.1' ],
25 silly audit   '@radix-ui/react-use-previous': [ '1.1.1' ],
25 silly audit   '@radix-ui/react-use-size': [ '1.1.1' ],
25 silly audit   '@react-router/dev': [ '7.6.2' ],
25 silly audit   '@react-router/express': [ '7.6.2' ],
25 silly audit   '@react-router/node': [ '7.6.2' ],
25 silly audit   '@react-router/serve': [ '7.6.2' ],
25 silly audit   '@rollup/rollup-android-arm-eabi': [ '4.44.0' ],
25 silly audit   '@rollup/rollup-android-arm64': [ '4.44.0' ],
25 silly audit   '@rollup/rollup-darwin-arm64': [ '4.44.0' ],
25 silly audit   '@rollup/rollup-darwin-x64': [ '4.44.0' ],
25 silly audit   '@rollup/rollup-freebsd-arm64': [ '4.44.0' ],
25 silly audit   '@rollup/rollup-freebsd-x64': [ '4.44.0' ],
25 silly audit   '@rollup/rollup-linux-arm-gnueabihf': [ '4.44.0' ],
25 silly audit   '@rollup/rollup-linux-arm-musleabihf': [ '4.44.0' ],
25 silly audit   '@rollup/rollup-linux-arm64-gnu': [ '4.44.0' ],
25 silly audit   '@rollup/rollup-linux-arm64-musl': [ '4.44.0' ],
25 silly audit   '@rollup/rollup-linux-loongarch64-gnu': [ '4.44.0' ],
25 silly audit   '@rollup/rollup-linux-powerpc64le-gnu': [ '4.44.0' ],
25 silly audit   '@rollup/rollup-linux-riscv64-gnu': [ '4.44.0' ],
25 silly audit   '@rollup/rollup-linux-riscv64-musl': [ '4.44.0' ],
25 silly audit   '@rollup/rollup-linux-s390x-gnu': [ '4.44.0' ],
25 silly audit   '@rollup/rollup-linux-x64-gnu': [ '4.44.0' ],
25 silly audit   '@rollup/rollup-linux-x64-musl': [ '4.44.0' ],
25 silly audit   '@rollup/rollup-win32-arm64-msvc': [ '4.44.0' ],
25 silly audit   '@rollup/rollup-win32-ia32-msvc': [ '4.44.0' ],
25 silly audit   '@rollup/rollup-win32-x64-msvc': [ '4.44.0' ],
25 silly audit   '@shadcn/ui': [ '0.0.4' ],
25 silly audit   'fs-extra': [ '11.3.0', '10.1.0' ],
25 silly audit   '@tailwindcss/node': [ '4.1.10' ],
25 silly audit   '@tailwindcss/oxide': [ '4.1.10' ],
25 silly audit   '@tailwindcss/oxide-android-arm64': [ '4.1.10' ],
25 silly audit   '@tailwindcss/oxide-darwin-arm64': [ '4.1.10' ],
25 silly audit   '@tailwindcss/oxide-darwin-x64': [ '4.1.10' ],
25 silly audit   '@tailwindcss/oxide-freebsd-x64': [ '4.1.10' ],
25 silly audit   '@tailwindcss/oxide-linux-arm-gnueabihf': [ '4.1.10' ],
25 silly audit   '@tailwindcss/oxide-linux-arm64-gnu': [ '4.1.10' ],
25 silly audit   '@tailwindcss/oxide-linux-arm64-musl': [ '4.1.10' ],
25 silly audit   '@tailwindcss/oxide-linux-x64-gnu': [ '4.1.10' ],
25 silly audit   '@tailwindcss/oxide-linux-x64-musl': [ '4.1.10' ],
25 silly audit   '@tailwindcss/oxide-wasm32-wasi': [ '4.1.10' ],
25 silly audit   '@tailwindcss/oxide-win32-arm64-msvc': [ '4.1.10' ],
25 silly audit   '@tailwindcss/oxide-win32-x64-msvc': [ '4.1.10' ],
25 silly audit   '@tailwindcss/vite': [ '4.1.10' ],
25 silly audit   '@types/estree': [ '1.0.8' ],
25 silly audit   '@types/node': [ '20.19.1' ],
25 silly audit   accepts: [ '1.3.8' ],
25 silly audit   negotiator: [ '0.6.3', '0.6.4' ],
25 silly audit   'ansi-regex': [ '6.1.0', '5.0.1' ],
25 silly audit   'ansi-styles': [ '6.2.1', '4.3.0' ],
25 silly audit   arg: [ '5.0.2' ],
25 silly audit   'array-flatten': [ '1.1.1' ],
25 silly audit   'babel-dead-code-elimination': [ '1.0.10' ],
25 silly audit   'balanced-match': [ '1.0.2' ],
25 silly audit   'base64-js': [ '1.5.1' ],
25 silly audit   'basic-auth': [ '2.0.1' ],
25 silly audit   'safe-buffer': [ '5.1.2', '5.2.1' ],
25 silly audit   bl: [ '5.1.0' ],
25 silly audit   'body-parser': [ '1.20.3' ],
25 silly audit   debug: [ '2.6.9', '4.4.1' ],
25 silly audit   ms: [ '2.0.0', '2.1.3' ],
25 silly audit   'brace-expansion': [ '2.0.2' ],
25 silly audit   browserslist: [ '4.25.1' ],
25 silly audit   buffer: [ '6.0.3' ],
25 silly audit   'buffer-from': [ '1.1.2' ],
25 silly audit   bytes: [ '3.1.2' ],
25 silly audit   cac: [ '6.7.14' ],
25 silly audit   'call-bind-apply-helpers': [ '1.0.2' ],
25 silly audit   'call-bound': [ '1.0.4' ],
25 silly audit   'caniuse-lite': [ '1.0.30001726' ],
25 silly audit   chalk: [ '5.2.0' ],
25 silly audit   chokidar: [ '4.0.3' ],
25 silly audit   chownr: [ '3.0.0' ],
25 silly audit   'class-variance-authority': [ '0.7.1' ],
25 silly audit   'cli-cursor': [ '4.0.0' ],
25 silly audit   'cli-spinners': [ '2.9.2' ],
25 silly audit   clone: [ '1.0.4' ],
25 silly audit   clsx: [ '2.1.1' ],
25 silly audit   'color-convert': [ '2.0.1' ],
25 silly audit   'color-name': [ '1.1.4' ],
25 silly audit   commander: [ '10.0.1' ],
25 silly audit   compressible: [ '2.0.18' ],
25 silly audit   compression: [ '1.8.0' ],
25 silly audit   'content-disposition': [ '0.5.4' ],
25 silly audit   'content-type': [ '1.0.5' ],
25 silly audit   'convert-source-map': [ '2.0.0' ],
25 silly audit   cookie: [ '0.7.1', '1.0.2' ],
25 silly audit   'cookie-signature': [ '1.0.6' ],
25 silly audit   'cross-spawn': [ '7.0.6' ],
25 silly audit   which: [ '2.0.2', '3.0.1' ],
25 silly audit   csstype: [ '3.1.3' ],
25 silly audit   'data-uri-to-buffer': [ '4.0.1' ],
25 silly audit   dedent: [ '1.6.0' ],
25 silly audit   defaults: [ '1.0.4' ],
25 silly audit   depd: [ '2.0.0' ],
25 silly audit   destroy: [ '1.2.0' ],
25 silly audit   'detect-libc': [ '2.0.4' ],
25 silly audit   'dunder-proto': [ '1.0.1' ],
25 silly audit   eastasianwidth: [ '0.2.0' ],
25 silly audit   'ee-first': [ '1.1.1' ],
25 silly audit   'electron-to-chromium': [ '1.5.175' ],
25 silly audit   'emoji-regex': [ '9.2.2', '8.0.0' ],
25 silly audit   encodeurl: [ '2.0.0', '1.0.2' ],
25 silly audit   'enhanced-resolve': [ '5.18.2' ],
25 silly audit   'err-code': [ '2.0.3' ],
25 silly audit   'es-define-property': [ '1.0.1' ],
25 silly audit   'es-errors': [ '1.3.0' ],
25 silly audit   'es-module-lexer': [ '1.7.0' ],
25 silly audit   'es-object-atoms': [ '1.1.1' ],
25 silly audit   esbuild: [ '0.25.5' ],
25 silly audit   escalade: [ '3.2.0' ],
25 silly audit   'escape-html': [ '1.0.3' ],
25 silly audit   etag: [ '1.8.1' ],
25 silly audit   execa: [ '7.2.0' ],
25 silly audit   'signal-exit': [ '3.0.7', '4.1.0' ],
25 silly audit   'exit-hook': [ '2.2.1' ],
25 silly audit   express: [ '4.21.2' ],
25 silly audit   fdir: [ '6.4.6' ],
25 silly audit   'fetch-blob': [ '3.2.0' ],
25 silly audit   finalhandler: [ '1.3.1' ],
25 silly audit   'foreground-child': [ '3.3.1' ],
25 silly audit   'formdata-polyfill': [ '4.0.10' ],
25 silly audit   forwarded: [ '0.2.0' ],
25 silly audit   fresh: [ '0.5.2' ],
25 silly audit   fsevents: [ '2.3.3' ],
25 silly audit   'function-bind': [ '1.1.2' ],
25 silly audit   gensync: [ '1.0.0-beta.2' ],
25 silly audit   'get-intrinsic': [ '1.3.0' ],
25 silly audit   'get-port': [ '5.1.1' ],
25 silly audit   'get-proto': [ '1.0.1' ],
25 silly audit   'get-stream': [ '6.0.1' ],
25 silly audit   glob: [ '10.4.5' ],
25 silly audit   globals: [ '11.12.0' ],
25 silly audit   globrex: [ '0.1.2' ],
25 silly audit   gopd: [ '1.2.0' ],
25 silly audit   'graceful-fs': [ '4.2.11' ],
25 silly audit   'has-symbols': [ '1.1.0' ],
25 silly audit   hasown: [ '2.0.2' ],
25 silly audit   'hosted-git-info': [ '6.1.3' ],
25 silly audit   'http-errors': [ '2.0.0' ],
25 silly audit   'human-signals': [ '4.3.1' ],
25 silly audit   'iconv-lite': [ '0.4.24' ],
25 silly audit   ieee754: [ '1.2.1' ],
25 silly audit   inherits: [ '2.0.4' ],
25 silly audit   'ipaddr.js': [ '1.9.1' ],
25 silly audit   'is-core-module': [ '2.16.1' ],
25 silly audit   'is-fullwidth-code-point': [ '3.0.0' ],
25 silly audit   'is-interactive': [ '2.0.0' ],
25 silly audit   'is-stream': [ '3.0.0' ],
25 silly audit   'is-unicode-supported': [ '1.3.0' ],
25 silly audit   isbot: [ '5.1.28' ],
25 silly audit   isexe: [ '2.0.0' ],
25 silly audit   jackspeak: [ '3.4.3' ],
25 silly audit   jiti: [ '2.4.2' ],
25 silly audit   'js-tokens': [ '4.0.0' ],
25 silly audit   jsesc: [ '3.0.2' ],
25 silly audit   'json-parse-even-better-errors': [ '3.0.2' ],
25 silly audit   json5: [ '2.2.3' ],
25 silly audit   jsonfile: [ '6.1.0' ],
25 silly audit   kleur: [ '3.0.3' ],
25 silly audit   lightningcss: [ '1.30.1' ],
25 silly audit   'lightningcss-darwin-arm64': [ '1.30.1' ],
25 silly audit   'lightningcss-darwin-x64': [ '1.30.1' ],
25 silly audit   'lightningcss-freebsd-x64': [ '1.30.1' ],
25 silly audit   'lightningcss-linux-arm-gnueabihf': [ '1.30.1' ],
25 silly audit   'lightningcss-linux-arm64-gnu': [ '1.30.1' ],
25 silly audit   'lightningcss-linux-arm64-musl': [ '1.30.1' ],
25 silly audit   'lightningcss-linux-x64-gnu': [ '1.30.1' ],
25 silly audit   'lightningcss-linux-x64-musl': [ '1.30.1' ],
25 silly audit   'lightningcss-win32-arm64-msvc': [ '1.30.1' ],
25 silly audit   'lightningcss-win32-x64-msvc': [ '1.30.1' ],
25 silly audit   lodash: [ '4.17.21' ],
25 silly audit   'log-symbols': [ '5.1.0' ],
25 silly audit   'lucide-react': [ '0.523.0' ],
25 silly audit   'magic-string': [ '0.30.17' ],
25 silly audit   'math-intrinsics': [ '1.1.0' ],
25 silly audit   'media-typer': [ '0.3.0' ],
25 silly audit   'merge-descriptors': [ '1.0.3' ],
25 silly audit   'merge-stream': [ '2.0.0' ],
25 silly audit   methods: [ '1.1.2' ],
25 silly audit   mime: [ '1.6.0' ],
25 silly audit   'mime-db': [ '1.54.0', '1.52.0' ],
25 silly audit   'mime-types': [ '2.1.35' ],
25 silly audit   'mimic-fn': [ '4.0.0', '2.1.0' ],
25 silly audit   minimatch: [ '9.0.5' ],
25 silly audit   minipass: [ '7.1.2' ],
25 silly audit   minizlib: [ '3.0.2' ],
25 silly audit   mkdirp: [ '3.0.1' ],
25 silly audit   morgan: [ '1.10.0' ],
25 silly audit   'on-finished': [ '2.3.0', '2.4.1' ],
25 silly audit   nanoid: [ '3.3.11' ],
25 silly audit   'node-domexception': [ '1.0.0' ],
25 silly audit   'node-fetch': [ '3.3.2' ],
25 silly audit   'node-releases': [ '2.0.19' ],
25 silly audit   'normalize-package-data': [ '5.0.0' ],
25 silly audit   'npm-install-checks': [ '6.3.0' ],
25 silly audit   'npm-normalize-package-bin': [ '3.0.1' ],
25 silly audit   'npm-package-arg': [ '10.1.0' ],
25 silly audit   'npm-pick-manifest': [ '8.0.2' ],
25 silly audit   'npm-run-path': [ '5.3.0' ],
25 silly audit   'path-key': [ '4.0.0', '3.1.1' ],
25 silly audit   'object-inspect': [ '1.13.4' ],
25 silly audit   'on-headers': [ '1.0.2' ],
25 silly audit   onetime: [ '6.0.0', '5.1.2' ],
25 silly audit   ora: [ '6.3.1' ],
25 silly audit   'package-json-from-dist': [ '1.0.1' ],
25 silly audit   parseurl: [ '1.3.3' ],
25 silly audit   'path-scurry': [ '1.11.1' ],
25 silly audit   'path-to-regexp': [ '0.1.12' ],
25 silly audit   pathe: [ '1.1.2', '2.0.3' ],
25 silly audit   picocolors: [ '1.1.1' ],
25 silly audit   picomatch: [ '4.0.2' ],
25 silly audit   postcss: [ '8.5.6' ],
25 silly audit   prettier: [ '2.8.8' ],
25 silly audit   'proc-log': [ '3.0.0' ],
25 silly audit   'promise-inflight': [ '1.0.1' ],
25 silly audit   'promise-retry': [ '2.0.1' ],
25 silly audit   prompts: [ '2.4.2' ],
25 silly audit   'proxy-addr': [ '2.0.7' ],
25 silly audit   qs: [ '6.13.0' ],
25 silly audit   'range-parser': [ '1.2.1' ],
25 silly audit   'raw-body': [ '2.5.2' ],
25 silly audit   react: [ '19.1.0' ],
25 silly audit   'react-dom': [ '19.1.0' ],
25 silly audit   'react-refresh': [ '0.14.2' ],
25 silly audit   'react-router': [ '7.6.2' ],
25 silly audit   'readable-stream': [ '3.6.2' ],
25 silly audit   readdirp: [ '4.1.2' ],
25 silly audit   'restore-cursor': [ '4.0.0' ],
25 silly audit   retry: [ '0.12.0' ],
25 silly audit   rollup: [ '4.44.0' ],
25 silly audit   'safer-buffer': [ '2.1.2' ],
25 silly audit   scheduler: [ '0.26.0' ],
25 silly audit   send: [ '0.19.0' ],
25 silly audit   'serve-static': [ '1.16.2' ],
25 silly audit   'set-cookie-parser': [ '2.7.1' ],
25 silly audit   setprototypeof: [ '1.2.0' ],
25 silly audit   'shebang-command': [ '2.0.0' ],
25 silly audit   'shebang-regex': [ '3.0.0' ],
25 silly audit   'side-channel': [ '1.1.0' ],
25 silly audit   'side-channel-list': [ '1.0.0' ],
25 silly audit   'side-channel-map': [ '1.0.1' ],
25 silly audit   'side-channel-weakmap': [ '1.0.2' ],
25 silly audit   sisteransi: [ '1.0.5' ],
25 silly audit   'source-map': [ '0.6.1' ],
25 silly audit   'source-map-js': [ '1.2.1' ],
25 silly audit   'source-map-support': [ '0.5.21' ],
25 silly audit   'spdx-correct': [ '3.2.0' ],
25 silly audit   'spdx-exceptions': [ '2.5.0' ],
25 silly audit   'spdx-expression-parse': [ '3.0.1' ],
25 silly audit   'spdx-license-ids': [ '3.0.21' ],
25 silly audit   statuses: [ '2.0.1' ],
25 silly audit   'stdin-discarder': [ '0.1.0' ],
25 silly audit   'stream-slice': [ '0.1.2' ],
25 silly audit   string_decoder: [ '1.3.0' ],
25 silly audit   'string-width': [ '5.1.2', '4.2.3' ],
25 silly audit   'strip-ansi': [ '6.0.1', '7.1.0' ],
25 silly audit   'strip-final-newline': [ '3.0.0' ],
25 silly audit   'tailwind-merge': [ '3.3.1' ],
25 silly audit   tailwindcss: [ '4.1.10' ],
25 silly audit   tapable: [ '2.2.2' ],
25 silly audit   tar: [ '7.4.3' ],
25 silly audit   yallist: [ '5.0.0', '3.1.1' ],
25 silly audit   tinyglobby: [ '0.2.14' ],
25 silly audit   toidentifier: [ '1.0.1' ],
25 silly audit   tsconfck: [ '3.1.6' ],
25 silly audit   'tw-animate-css': [ '1.3.4' ],
25 silly audit   'type-is': [ '1.6.18' ],
25 silly audit   typescript: [ '5.8.3' ],
25 silly audit   undici: [ '6.21.3' ],
25 silly audit   'undici-types': [ '6.21.0' ],
25 silly audit   universalify: [ '2.0.1' ],
25 silly audit   unpipe: [ '1.0.0' ],
25 silly audit   'update-browserslist-db': [ '1.1.3' ],
25 silly audit   'util-deprecate': [ '1.0.2' ],
25 silly audit   'utils-merge': [ '1.0.1' ],
25 silly audit   valibot: [ '0.41.0' ],
25 silly audit   'validate-npm-package-license': [ '3.0.4' ],
25 silly audit   'validate-npm-package-name': [ '5.0.1' ],
25 silly audit   vary: [ '1.1.2' ],
25 silly audit   vite: [ '6.3.5' ],
25 silly audit   'vite-node': [ '3.2.4' ],
25 silly audit   'vite-tsconfig-paths': [ '5.1.4' ],
25 silly audit   wcwidth: [ '1.0.1' ],
25 silly audit   'web-streams-polyfill': [ '3.3.3' ],
25 silly audit   'wrap-ansi': [ '8.1.0', '7.0.0' ],
25 silly audit   zod: [ '3.25.67' ],
25 silly audit   '@types/react': [ '19.1.8' ],
25 silly audit   '@types/react-dom': [ '19.1.6' ]
25 silly audit }
26 http fetch POST 200 https://registry.npmjs.org/-/npm/v1/security/advisories/bulk 688ms
27 silly audit report {}
28 verbose cwd C:\Users\hp\OneDrive - Nigerian National Petroleum Company Limited\Documents\IDs\frontend
29 verbose os Windows_NT 10.0.19045
30 verbose node v22.11.0
31 verbose npm  v11.4.2
32 verbose exit 0
33 info ok
